This is pdfTeX, Version 3.14159265-2.6-1.40.17 (TeX Live 2016) (preloaded format=pdflatex 2017.4.18)  16 JAN 2018 11:37
entering extended mode
 restricted \write18 enabled.
 %&-line parsing enabled.
**MSF_Paper_FA.tex
(./MSF_Paper_FA.tex
LaTeX2e <2016/03/31>
Babel <3.9r> and hyphenation patterns for 3 language(s) loaded.
(/usr/share/texlive/texmf-dist/tex/latex/base/article.cls
Document Class: article 2014/09/29 v1.4h Standard LaTeX document class
(/usr/share/texlive/texmf-dist/tex/latex/base/size10.clo
File: size10.clo 2014/09/29 v1.4h Standard LaTeX file (size option)
)
\c@part=\count79
\c@section=\count80
\c@subsection=\count81
\c@subsubsection=\count82
\c@paragraph=\count83
\c@subparagraph=\count84
\c@figure=\count85
\c@table=\count86
\abovecaptionskip=\skip41
\belowcaptionskip=\skip42
\bibindent=\dimen102
)
(/usr/share/texlive/texmf-dist/tex/latex/preprint/authblk.sty
Package: authblk 2001/02/27 1.3 (PWD)
\affilsep=\skip43
\@affilsep=\skip44
\c@Maxaffil=\count87
\c@authors=\count88
\c@affil=\count89
)
(/usr/share/texlive/texmf-dist/tex/latex/blindtext/blindtext.sty
Package: blindtext 2012/01/06 V2.0 blindtext-Package

(/usr/share/texlive/texmf-dist/tex/latex/tools/xspace.sty
Package: xspace 2014/10/28 v1.13 Space after command names (DPC,MH)
)
\c@blindtext=\count90
\c@Blindtext=\count91
\c@blind@countparstart=\count92
\blind@countxx=\count93
\blindtext@numBlindtext=\count94
\blind@countyy=\count95
\c@blindlist=\count96
\c@blindlistlevel=\count97
\c@blindlist@level=\count98
\blind@listitem=\count99
\c@blind@listcount=\count100
\c@blind@levelcount=\count101
\blind@mathformula=\count102
\blind@Mathformula=\count103
\c@blind@randomcount=\count104
\c@blind@randommax=\count105
\c@blind@pangramcount=\count106
\c@blind@pangrammax=\count107
)
(/usr/share/texlive/texmf-dist/tex/latex/tools/multicol.sty
Package: multicol 2016/04/07 v1.8p multicolumn formatting (FMi)
\c@tracingmulticols=\count108


Package multicol Warning: May not work with the twocolumn option on input line 
134.

\mult@box=\box26
\multicol@leftmargin=\dimen103
\c@unbalance=\count109
\c@collectmore=\count110
\doublecol@number=\count111
\multicoltolerance=\count112
\multicolpretolerance=\count113
\full@width=\dimen104
\page@free=\dimen105
\premulticols=\dimen106
\postmulticols=\dimen107
\multicolsep=\skip45
\multicolbaselineskip=\skip46
\partial@page=\box27
\last@line=\box28
\maxbalancingoverflow=\dimen108
\mult@rightbox=\box29
\mult@grightbox=\box30
\mult@gfirstbox=\box31
\mult@firstbox=\box32
\@tempa=\box33
\@tempa=\box34
\@tempa=\box35
\@tempa=\box36
\@tempa=\box37
\@tempa=\box38
\@tempa=\box39
\@tempa=\box40
\@tempa=\box41
\@tempa=\box42
\@tempa=\box43
\@tempa=\box44
\@tempa=\box45
\@tempa=\box46
\@tempa=\box47
\@tempa=\box48
\@tempa=\box49
\c@columnbadness=\count114
\c@finalcolumnbadness=\count115
\last@try=\dimen109
\multicolovershoot=\dimen110
\multicolundershoot=\dimen111
\mult@nat@firstbox=\box50
\colbreak@box=\box51
\mc@col@check@num=\count116
) (/usr/share/texlive/texmf-dist/tex/latex/graphics/graphicx.sty
Package: graphicx 2014/10/28 v1.0g Enhanced LaTeX Graphics (DPC,SPQR)

(/usr/share/texlive/texmf-dist/tex/latex/graphics/keyval.sty
Package: keyval 2014/10/28 v1.15 key=value parser (DPC)
\KV@toks@=\toks14
)
(/usr/share/texlive/texmf-dist/tex/latex/graphics/graphics.sty
Package: graphics 2016/05/09 v1.0r Standard LaTeX Graphics (DPC,SPQR)

(/usr/share/texlive/texmf-dist/tex/latex/graphics/trig.sty
Package: trig 2016/01/03 v1.10 sin cos tan (DPC)
)
(/usr/share/texlive/texmf-dist/tex/latex/graphics-cfg/graphics.cfg
File: graphics.cfg 2016/01/02 v1.10 sample graphics configuration
)
Package graphics Info: Driver file: pdftex.def on input line 96.

(/usr/share/texlive/texmf-dist/tex/latex/graphics-def/pdftex.def
File: pdftex.def 2016/07/10 v0.06j Graphics/color for pdfTeX

(/usr/share/texlive/texmf-dist/tex/generic/oberdiek/infwarerr.sty
Package: infwarerr 2016/05/16 v1.4 Providing info/warning/error messages (HO)
)
(/usr/share/texlive/texmf-dist/tex/generic/oberdiek/ltxcmds.sty
Package: ltxcmds 2016/05/16 v1.23 LaTeX kernel commands for general use (HO)
)
\Gread@gobject=\count117
))
\Gin@req@height=\dimen112
\Gin@req@width=\dimen113
)
(/usr/share/texlive/texmf-dist/tex/latex/caption/subcaption.sty
Package: subcaption 2016/05/22 v1.1-161 Sub-captions (AR)

(/usr/share/texlive/texmf-dist/tex/latex/caption/caption.sty
Package: caption 2016/02/21 v3.3-144 Customizing captions (AR)

(/usr/share/texlive/texmf-dist/tex/latex/caption/caption3.sty
Package: caption3 2016/05/22 v1.7-166 caption3 kernel (AR)
Package caption3 Info: TeX engine: e-TeX on input line 67.
\captionmargin=\dimen114
\captionmargin@=\dimen115
\captionwidth=\dimen116
\caption@tempdima=\dimen117
\caption@indent=\dimen118
\caption@parindent=\dimen119
\caption@hangindent=\dimen120
)
\c@ContinuedFloat=\count118
)
\c@subfigure=\count119
\c@subtable=\count120
)
(/usr/share/texlive/texmf-dist/tex/latex/cite/cite.sty
LaTeX Info: Redefining \cite on input line 302.
LaTeX Info: Redefining \nocite on input line 332.
Package: cite 2015/02/27  v 5.5
)
(/usr/share/texlive/texmf-dist/tex/latex/xcolor/xcolor.sty
Package: xcolor 2016/05/11 v2.12 LaTeX color extensions (UK)

(/usr/share/texlive/texmf-dist/tex/latex/graphics-cfg/color.cfg
File: color.cfg 2016/01/02 v1.6 sample color configuration
)
Package xcolor Info: Driver file: pdftex.def on input line 225.

(/usr/share/texlive/texmf-dist/tex/latex/colortbl/colortbl.sty
Package: colortbl 2012/02/13 v1.0a Color table columns (DPC)

(/usr/share/texlive/texmf-dist/tex/latex/tools/array.sty
Package: array 2014/10/28 v2.4c Tabular extension package (FMi)
\col@sep=\dimen121
\extrarowheight=\dimen122
\NC@list=\toks15
\extratabsurround=\skip47
\backup@length=\skip48
)
\everycr=\toks16
\minrowclearance=\skip49
)
\rownum=\count121
Package xcolor Info: Model `cmy' substituted by `cmy0' on input line 1348.
Package xcolor Info: Model `hsb' substituted by `rgb' on input line 1352.
Package xcolor Info: Model `RGB' extended on input line 1364.
Package xcolor Info: Model `HTML' substituted by `rgb' on input line 1366.
Package xcolor Info: Model `Hsb' substituted by `hsb' on input line 1367.
Package xcolor Info: Model `tHsb' substituted by `hsb' on input line 1368.
Package xcolor Info: Model `HSB' substituted by `hsb' on input line 1369.
Package xcolor Info: Model `Gray' substituted by `gray' on input line 1370.
Package xcolor Info: Model `wave' substituted by `hsb' on input line 1371.
) (./MSF_Paper_FA.aux

LaTeX Warning: Label `Reactome' multiply defined.


LaTeX Warning: Label `fig:subpath-robustness-6h' multiply defined.


LaTeX Warning: Label `fig:betweeness' multiply defined.

)
\openout1 = `MSF_Paper_FA.aux'.

LaTeX Font Info:    Checking defaults for OML/cmm/m/it on input line 12.
LaTeX Font Info:    ... okay on input line 12.
LaTeX Font Info:    Checking defaults for T1/cmr/m/n on input line 12.
LaTeX Font Info:    ... okay on input line 12.
LaTeX Font Info:    Checking defaults for OT1/cmr/m/n on input line 12.
LaTeX Font Info:    ... okay on input line 12.
LaTeX Font Info:    Checking defaults for OMS/cmsy/m/n on input line 12.
LaTeX Font Info:    ... okay on input line 12.
LaTeX Font Info:    Checking defaults for OMX/cmex/m/n on input line 12.
LaTeX Font Info:    ... okay on input line 12.
LaTeX Font Info:    Checking defaults for U/cmr/m/n on input line 12.
LaTeX Font Info:    ... okay on input line 12.
 (/usr/share/texlive/texmf-dist/tex/context/base/mkii/supp-pdf.mkii
[Loading MPS to PDF converter (version 2006.09.02).]
\scratchcounter=\count122
\scratchdimen=\dimen123
\scratchbox=\box52
\nofMPsegments=\count123
\nofMParguments=\count124
\everyMPshowfont=\toks17
\MPscratchCnt=\count125
\MPscratchDim=\dimen124
\MPnumerator=\count126
\makeMPintoPDFobject=\count127
\everyMPtoPDFconversion=\toks18
) (/usr/share/texlive/texmf-dist/tex/generic/oberdiek/pdftexcmds.sty
Package: pdftexcmds 2016/05/21 v0.22 Utility functions of pdfTeX for LuaTeX (HO
)

(/usr/share/texlive/texmf-dist/tex/generic/oberdiek/ifluatex.sty
Package: ifluatex 2016/05/16 v1.4 Provides the ifluatex switch (HO)
Package ifluatex Info: LuaTeX not detected.
)
(/usr/share/texlive/texmf-dist/tex/generic/oberdiek/ifpdf.sty
Package: ifpdf 2016/05/14 v3.1 Provides the ifpdf switch
)
Package pdftexcmds Info: LuaTeX not detected.
Package pdftexcmds Info: \pdf@primitive is available.
Package pdftexcmds Info: \pdf@ifprimitive is available.
Package pdftexcmds Info: \pdfdraftmode found.
)
(/usr/share/texlive/texmf-dist/tex/latex/oberdiek/epstopdf-base.sty
Package: epstopdf-base 2016/05/15 v2.6 Base part for package epstopdf

(/usr/share/texlive/texmf-dist/tex/latex/oberdiek/grfext.sty
Package: grfext 2016/05/16 v1.2 Manage graphics extensions (HO)

(/usr/share/texlive/texmf-dist/tex/generic/oberdiek/kvdefinekeys.sty
Package: kvdefinekeys 2016/05/16 v1.4 Define keys (HO)
))
(/usr/share/texlive/texmf-dist/tex/latex/oberdiek/kvoptions.sty
Package: kvoptions 2016/05/16 v3.12 Key value format for package options (HO)

(/usr/share/texlive/texmf-dist/tex/generic/oberdiek/kvsetkeys.sty
Package: kvsetkeys 2016/05/16 v1.17 Key value parser (HO)

(/usr/share/texlive/texmf-dist/tex/generic/oberdiek/etexcmds.sty
Package: etexcmds 2016/05/16 v1.6 Avoid name clashes with e-TeX commands (HO)
Package etexcmds Info: Could not find \expanded.
(etexcmds)             That can mean that you are not using pdfTeX 1.50 or
(etexcmds)             that some package has redefined \expanded.
(etexcmds)             In the latter case, load this package earlier.
)))
Package epstopdf-base Info: Redefining graphics rule for `.eps' on input line 4
38.
Package grfext Info: Graphics extension search list:
(grfext)             [.png,.pdf,.jpg,.mps,.jpeg,.jbig2,.jb2,.PNG,.PDF,.JPG,.JPE
G,.JBIG2,.JB2,.eps]
(grfext)             \AppendGraphicsExtensions on input line 456.

(/usr/share/texlive/texmf-dist/tex/latex/latexconfig/epstopdf-sys.cfg
File: epstopdf-sys.cfg 2010/07/13 v1.3 Configuration of (r)epstopdf for TeX Liv
e
))
Package caption Info: Begin \AtBeginDocument code.
Package caption Info: End \AtBeginDocument code.
LaTeX Font Info:    External font `cmex10' loaded for size
(Font)              <12> on input line 25.
LaTeX Font Info:    External font `cmex10' loaded for size
(Font)              <8> on input line 25.
LaTeX Font Info:    External font `cmex10' loaded for size
(Font)              <6> on input line 25.

Underfull \hbox (badness 1365) in paragraph at lines 39--40
\OT1/cmr/m/n/10 Differentially ex-pressed genes, Path-way anal-y-sis,
 []

LaTeX Font Info:    External font `cmex10' loaded for size
(Font)              <7> on input line 77.
LaTeX Font Info:    External font `cmex10' loaded for size
(Font)              <5> on input line 77.
Missing character: There is no â in font cmr10!
Missing character: There is no € in font cmr10!
Missing character: There is no ™ in font cmr10!

Underfull \vbox (badness 10000) has occurred while \output is active []

 [1{/usr/share/texlive/texmf-dist/fonts/map/pdftex/updmap/pdftex.map}


]
Underfull \hbox (badness 10000) in paragraph at lines 148--152

 []

[2]
Overfull \hbox (7.48695pt too wide) in paragraph at lines 153--154
[]$[]$ 
 []


Underfull \hbox (badness 10000) in paragraph at lines 153--154

 []


Underfull \hbox (badness 10000) in paragraph at lines 153--154

 []


Underfull \hbox (badness 10000) in paragraph at lines 160--163

 []


Underfull \hbox (badness 10000) in paragraph at lines 168--178

 []


Underfull \hbox (badness 10000) in paragraph at lines 181--188

 []


Underfull \hbox (badness 10000) in paragraph at lines 191--198

 []

[3]
Underfull \vbox (badness 10000) has occurred while \output is active []

 [4]
Overfull \hbox (1.24551pt too wide) in paragraph at lines 286--291
\OT1/cmr/m/n/7 https://www.ncbi.nlm.nih.gov/geo/query/acc.cgi?acc=GSE84188.
 []

Missing character: There is no â in font cmr10!
Missing character: There is no € in font cmr10!
Missing character: There is no ™ in font cmr10!
Missing character: There is no â in font cmr10!
Missing character: There is no € in font cmr10!
Missing character: There is no ˜ in font cmr10!
Missing character: There is no â in font cmr10!
Missing character: There is no € in font cmr10!
Missing character: There is no ™ in font cmr10!

Underfull \hbox (badness 1052) in paragraph at lines 323--324
\OT1/cmr/m/n/10 rays, deep se-quenc-ing and the true mea-sure
 []


Underfull \hbox (badness 4846) in paragraph at lines 325--326
[]\OT1/cmr/m/n/10 Khatri, P., Sirota, M., & Butte, A. J.
 []


Underfull \hbox (badness 10000) in paragraph at lines 325--326
\OT1/cmr/m/n/10 (2012). Ten Years of Path-way Anal-y-sis:
 []


Underfull \hbox (badness 3229) in paragraph at lines 325--326
\OT1/cmr/m/n/10 Cur-rent Ap-proaches and Out-stand-ing Chal-
 []


Underfull \hbox (badness 5578) in paragraph at lines 325--326
\OT1/cmr/m/n/10 lenges. PLoS Com-pu-ta-tional Bi-ol-ogy, 8(2).
 []

Missing character: There is no Ã in font cmr10!
Missing character: There is no ­ in font cmr10!
Missing character: There is no Ã in font cmr10!
Missing character: There is no ­ in font cmr10!
Missing character: There is no Ã in font cmr10!
Missing character: There is no ¡ in font cmr10!
[5]
Missing character: There is no Ã in font cmr10!
Missing character: There is no ¡ in font cmr10!
Missing character: There is no Ã in font cmr10!
Missing character: There is no Ÿ in font cmr10!

Underfull \hbox (badness 2359) in paragraph at lines 335--336
[]\OT1/cmr/m/n/10 Hartung, J. (1999). A Note on Com-bin-ing
 []


Underfull \hbox (badness 2142) in paragraph at lines 335--336
\OT1/cmr/m/n/10 De-pen-dent Tests of Sig-nif-i-cance. Bio-met-ri-cal
 []

Missing character: There is no Ã in font cmr10!
Missing character: There is no ¼ in font cmr10!
Missing character: There is no Î in font cmr10!
Missing character: There is no ² in font cmr10!
Missing character: There is no Î in font cmr10!
Missing character: There is no ³ in font cmr10!
Missing character: There is no Ã in font cmr10!
Missing character: There is no © in font cmr10!
Missing character: There is no Ã in font cmr10!
Missing character: There is no ¼ in font cmr10!

Overfull \hbox (49.50063pt too wide) in paragraph at lines 370--371
[]\OT1/cmr/m/n/10 https://wiki.reactome.org/index.php?title=ReactomeFIViz 
 []

Missing character: There is no â in font cmr10!
Missing character: There is no € in font cmr10!
Missing character: There is no ¦ in font cmr10!
Missing character: There is no â in font cmr10!
Missing character: There is no € in font cmr10!
Missing character: There is no “ in font cmr10!

Underfull \hbox (badness 1552) in paragraph at lines 373--374
\OT1/cmr/m/n/10 san, S. S., Mit-tal, P., Kim, J.,  Romero,
 []


Underfull \hbox (badness 3838) in paragraph at lines 373--374
\OT1/cmr/m/n/10 R. (2009). A novel sig-nal-ing path-way im-
 []


Underfull \hbox (badness 6380) in paragraph at lines 373--374
\OT1/cmr/m/n/10 pact anal-y-sis. Bioin-for-mat-ics, 25(1), 7582.
 []

<Documents/PhDThesis/MSFPaper/Tgfb1.png, id=35, 1521.685pt x 625.33624pt>
File: Documents/PhDThesis/MSFPaper/Tgfb1.png Graphic file (type png)

<use Documents/PhDThesis/MSFPaper/Tgfb1.png>
Package pdftex.def Info: Documents/PhDThesis/MSFPaper/Tgfb1.png used on input l
ine 384.
(pdftex.def)             Requested size: 284.52756pt x 116.92583pt.

Overfull \hbox (50.02756pt too wide) in paragraph at lines 384--385
 [][] 
 []

<Documents/PhDThesis/MSFPaper/TGFBstep1.png, id=36, 1521.685pt x 625.33624pt>
File: Documents/PhDThesis/MSFPaper/TGFBstep1.png Graphic file (type png)

<use Documents/PhDThesis/MSFPaper/TGFBstep1.png>
Package pdftex.def Info: Documents/PhDThesis/MSFPaper/TGFBstep1.png used on inp
ut line 389.
(pdftex.def)             Requested size: 284.52756pt x 116.92583pt.

Overfull \hbox (50.02756pt too wide) in paragraph at lines 389--390
 [][] 
 []

<Documents/PhDThesis/MSFPaper/TGFBstep2.png, id=37, 1521.685pt x 625.33624pt>
File: Documents/PhDThesis/MSFPaper/TGFBstep2.png Graphic file (type png)

<use Documents/PhDThesis/MSFPaper/TGFBstep2.png>
Package pdftex.def Info: Documents/PhDThesis/MSFPaper/TGFBstep2.png used on inp
ut line 394.
(pdftex.def)             Requested size: 284.52756pt x 116.92583pt.

Overfull \hbox (50.02756pt too wide) in paragraph at lines 394--395
 [][] 
 []

<Documents/PhDThesis/MSFPaper/TGFBstep3.png, id=38, 1521.685pt x 625.33624pt>
File: Documents/PhDThesis/MSFPaper/TGFBstep3.png Graphic file (type png)

<use Documents/PhDThesis/MSFPaper/TGFBstep3.png>
Package pdftex.def Info: Documents/PhDThesis/MSFPaper/TGFBstep3.png used on inp
ut line 399.
(pdftex.def)             Requested size: 284.52756pt x 116.92583pt.

Overfull \hbox (50.02756pt too wide) in paragraph at lines 399--400
 [][] 
 []


Overfull \hbox (2.22221pt too wide) in paragraph at lines 382--402
[]$[]$ $[]$
 []


Overfull \hbox (2.22221pt too wide) in paragraph at lines 382--402
[]$ $[]$ 
 []


LaTeX Warning: No positions in optional float specifier.
               Default added (so using `tbp') on input line 405.


LaTeX Warning: No positions in optional float specifier.
               Default added (so using `tbp') on input line 438.


Overfull \hbox (26.92316pt too wide) in paragraph at lines 442--466
 [][] 
 []

<AllDEGSources.png, id=39, 658.71094pt x 420.06938pt>
File: AllDEGSources.png Graphic file (type png)
 <use AllDEGSources.png>
Package pdftex.def Info: AllDEGSources.png used on input line 469.
(pdftex.def)             Requested size: 455.24408pt x 290.32251pt.

<"SubPath Robustness 6H".png, id=40, 658.71094pt x 420.06938pt>
File: "SubPath Robustness 6H".png Graphic file (type png)

<use "SubPath Robustness 6H".png>
Package pdftex.def Info: "SubPath Robustness 6H".png used on input line 476.
(pdftex.def)             Requested size: 398.33858pt x 254.0306pt.

<Betweeness.png, id=41, 658.71094pt x 420.06938pt>
File: Betweeness.png Graphic file (type png)
 <use Betweeness.png>
Package pdftex.def Info: Betweeness.png used on input line 479.
(pdftex.def)             Requested size: 398.33858pt x 254.0306pt.


LaTeX Warning: Float too large for page by 3.06119pt on input line 482.

[6] [7] [8] [9 <./Documents/PhDThesis/MSFPaper/Tgfb1.png (PNG copy)> <./Documen
ts/PhDThesis/MSFPaper/TGFBstep1.png (PNG copy)> <./Documents/PhDThesis/MSFPaper
/TGFBstep2.png (PNG copy)> <./Documents/PhDThesis/MSFPaper/TGFBstep3.png (PNG c
opy)>] [10 <./AllDEGSources.png (PNG copy)>] [11 <./SubPath Robustness 6H.png (
PNG copy)> <./Betweeness.png>] (./MSF_Paper_FA.aux)

LaTeX Warning: There were multiply-defined labels.

 ) 
Here is how much of TeX's memory you used:
 3699 strings out of 494946
 56154 string characters out of 6180981
 132485 words of memory out of 5000000
 6951 multiletter control sequences out of 15000+600000
 9055 words of font info for 32 fonts, out of 8000000 for 9000
 14 hyphenation exceptions out of 8191
 42i,9n,40p,823b,455s stack positions out of 5000i,500n,10000p,200000b,80000s
</usr/share/texlive/texmf-dist/fonts/type1/public/amsfonts/cm/cmbx10.pfb></us
r/share/texlive/texmf-dist/fonts/type1/public/amsfonts/cm/cmbx12.pfb></usr/shar
e/texlive/texmf-dist/fonts/type1/public/amsfonts/cm/cmex10.pfb></usr/share/texl
ive/texmf-dist/fonts/type1/public/amsfonts/cm/cmmi10.pfb></usr/share/texlive/te
xmf-dist/fonts/type1/public/amsfonts/cm/cmmi5.pfb></usr/share/texlive/texmf-dis
t/fonts/type1/public/amsfonts/cm/cmmi7.pfb></usr/share/texlive/texmf-dist/fonts
/type1/public/amsfonts/cm/cmr10.pfb></usr/share/texlive/texmf-dist/fonts/type1/
public/amsfonts/cm/cmr12.pfb></usr/share/texlive/texmf-dist/fonts/type1/public/
amsfonts/cm/cmr5.pfb></usr/share/texlive/texmf-dist/fonts/type1/public/amsfonts
/cm/cmr7.pfb></usr/share/texlive/texmf-dist/fonts/type1/public/amsfonts/cm/cmr8
.pfb></usr/share/texlive/texmf-dist/fonts/type1/public/amsfonts/cm/cmr9.pfb></u
sr/share/texlive/texmf-dist/fonts/type1/public/amsfonts/cm/cmsy10.pfb></usr/sha
re/texlive/texmf-dist/fonts/type1/public/amsfonts/cm/cmsy5.pfb></usr/share/texl
ive/texmf-dist/fonts/type1/public/amsfonts/cm/cmsy7.pfb></usr/share/texlive/tex
mf-dist/fonts/type1/public/amsfonts/cm/cmti10.pfb></usr/share/texlive/texmf-dis
t/fonts/type1/public/amsfonts/cm/cmti12.pfb></usr/share/texlive/texmf-dist/font
s/type1/public/amsfonts/cm/cmtt10.pfb>
Output written on MSF_Paper_FA.pdf (11 pages, 676913 bytes).
PDF statistics:
 120 PDF objects out of 1000 (max. 8388607)
 80 compressed objects within 1 object stream
 0 named destinations out of 1000 (max. 500000)
 36 words of extra memory for PDF output out of 10000 (max. 10000000)

